<?xml version="1.0" encoding="UTF-8"?>
<!-- Generated by org.testng.reporters.JUnitReportReporter -->
<testsuite hostname="LAPTOP-B32JPJC4" failures="0" tests="1" name="TESTNG.Demo" time="0.007" errors="0" timestamp="2023-12-12T17:12:26 IST" skipped="0">
  <testcase classname="TESTNG.Demo" name="test" time="0.007"/>
  <system-out>
    <![CDATA[Hii]]>
  </system-out>
</testsuite> <!-- TESTNG.Demo -->
