<?xml version="1.0" encoding="UTF-8"?>
<!-- Generated by org.testng.reporters.JUnitReportReporter -->
<testsuite hostname="LAPTOP-B32JPJC4" failures="0" tests="2" name="TESTNG.Case2" time="8.228" errors="0" timestamp="2023-12-13T17:33:16 IST" skipped="0">
  <testcase classname="TESTNG.Case2" name="validLogin" time="3.929"/>
  <system-out/>
  <testcase classname="TESTNG.Case2" name="validPsw" time="4.299"/>
  <system-out/>
</testsuite> <!-- TESTNG.Case2 -->
