<?xml version="1.0" encoding="UTF-8"?>
<!-- Generated by org.testng.reporters.JUnitReportReporter -->
<testsuite hostname="LAPTOP-B32JPJC4" failures="0" tests="1" name="TESTNG.RunnerScript" time="5.798" errors="0" timestamp="2023-12-13T17:13:20 IST" skipped="0">
  <testcase classname="TESTNG.RunnerScript" name="validLogin" time="5.798"/>
  <system-out/>
</testsuite> <!-- TESTNG.RunnerScript -->
