<?xml version="1.0" encoding="UTF-8"?>
<!-- Generated by org.testng.reporters.JUnitReportReporter -->
<testsuite hostname="LAPTOP-B32JPJC4" failures="0" tests="1" name="TESTNG.Case3" time="16.991" errors="0" timestamp="2023-12-14T17:02:01 IST" skipped="0">
  <testcase classname="TESTNG.Case3" name="validLogin" time="16.991"/>
  <system-out/>
</testsuite> <!-- TESTNG.Case3 -->
