<?xml version="1.0" encoding="UTF-8"?>
<!-- Generated by org.testng.reporters.JUnitReportReporter -->
<testsuite hostname="LAPTOP-B32JPJC4" failures="0" tests="1" name="TESTNG.ActiRunner" time="7.829" errors="0" timestamp="2023-12-14T17:19:21 IST" skipped="0">
  <testcase classname="TESTNG.ActiRunner" name="validLogin" time="7.829"/>
  <system-out/>
</testsuite> <!-- TESTNG.ActiRunner -->
